[2026-04-20T23:38:17.356Z] [INFO] Scheduled task: Full anatomy rescan (0 */6 * * *)
[2026-04-20T23:38:17.357Z] [INFO] Scheduled task: Consolidate old memory (0 2 * * *)
[2026-04-20T23:38:17.358Z] [INFO] Scheduled task: Token audit report (0 0 * * 1)
[2026-04-20T23:38:17.358Z] [INFO] Scheduled task: Cerebrum reflection (0 3 * * 0)
[2026-04-20T23:38:17.358Z] [INFO] Scheduled task: AI suggestions (0 4 * * 1)
[2026-04-20T23:38:17.358Z] [INFO] File watcher started on .wolf/
[2026-04-20T23:38:17.359Z] [INFO] OpenWolf daemon started
[2026-04-20T23:38:17.359Z] [INFO] Dashboard server listening on port 18791
[2026-04-20T23:38:17.483Z] [INFO] Scheduled task: Full anatomy rescan (0 */6 * * *)
[2026-04-20T23:38:17.485Z] [INFO] Scheduled task: Consolidate old memory (0 2 * * *)
[2026-04-20T23:38:17.485Z] [INFO] Scheduled task: Token audit report (0 0 * * 1)
[2026-04-20T23:38:17.485Z] [INFO] Scheduled task: Cerebrum reflection (0 3 * * 0)
[2026-04-20T23:38:17.485Z] [INFO] Scheduled task: AI suggestions (0 4 * * 1)
[2026-04-20T23:38:17.485Z] [INFO] File watcher started on .wolf/
[2026-04-20T23:38:17.486Z] [INFO] OpenWolf daemon started
[2026-04-20T23:38:17.486Z] [INFO] Dashboard server listening on port 18791
[2026-04-20T23:38:17.592Z] [INFO] Scheduled task: Full anatomy rescan (0 */6 * * *)
[2026-04-20T23:38:17.593Z] [INFO] Scheduled task: Consolidate old memory (0 2 * * *)
[2026-04-20T23:38:17.594Z] [INFO] Scheduled task: Token audit report (0 0 * * 1)
[2026-04-20T23:38:17.594Z] [INFO] Scheduled task: Cerebrum reflection (0 3 * * 0)
[2026-04-20T23:38:17.594Z] [INFO] Scheduled task: AI suggestions (0 4 * * 1)
[2026-04-20T23:38:17.594Z] [INFO] File watcher started on .wolf/
[2026-04-20T23:38:17.595Z] [INFO] OpenWolf daemon started
[2026-04-20T23:38:17.595Z] [INFO] Dashboard server listening on port 18791
[2026-04-20T23:38:17.700Z] [INFO] Scheduled task: Full anatomy rescan (0 */6 * * *)
[2026-04-20T23:38:17.701Z] [INFO] Scheduled task: Consolidate old memory (0 2 * * *)
[2026-04-20T23:38:17.702Z] [INFO] Scheduled task: Token audit report (0 0 * * 1)
[2026-04-20T23:38:17.702Z] [INFO] Scheduled task: Cerebrum reflection (0 3 * * 0)
[2026-04-20T23:38:17.702Z] [INFO] Scheduled task: AI suggestions (0 4 * * 1)
[2026-04-20T23:38:17.702Z] [INFO] File watcher started on .wolf/
[2026-04-20T23:38:17.703Z] [INFO] OpenWolf daemon started
[2026-04-20T23:38:17.703Z] [INFO] Dashboard server listening on port 18791
[2026-04-20T23:38:17.808Z] [INFO] Scheduled task: Full anatomy rescan (0 */6 * * *)
[2026-04-20T23:38:17.809Z] [INFO] Scheduled task: Consolidate old memory (0 2 * * *)
[2026-04-20T23:38:17.809Z] [INFO] Scheduled task: Token audit report (0 0 * * 1)
[2026-04-20T23:38:17.809Z] [INFO] Scheduled task: Cerebrum reflection (0 3 * * 0)
[2026-04-20T23:38:17.810Z] [INFO] Scheduled task: AI suggestions (0 4 * * 1)
[2026-04-20T23:38:17.810Z] [INFO] File watcher started on .wolf/
[2026-04-20T23:38:17.810Z] [INFO] OpenWolf daemon started
[2026-04-20T23:38:17.811Z] [INFO] Dashboard server listening on port 18791
[2026-04-20T23:38:17.916Z] [INFO] Scheduled task: Full anatomy rescan (0 */6 * * *)
[2026-04-20T23:38:17.917Z] [INFO] Scheduled task: Consolidate old memory (0 2 * * *)
[2026-04-20T23:38:17.918Z] [INFO] Scheduled task: Token audit report (0 0 * * 1)
[2026-04-20T23:38:17.918Z] [INFO] Scheduled task: Cerebrum reflection (0 3 * * 0)
[2026-04-20T23:38:17.918Z] [INFO] Scheduled task: AI suggestions (0 4 * * 1)
[2026-04-20T23:38:17.919Z] [INFO] File watcher started on .wolf/
[2026-04-20T23:38:17.919Z] [INFO] OpenWolf daemon started
[2026-04-20T23:38:17.919Z] [INFO] Dashboard server listening on port 18791
[2026-04-20T23:38:18.030Z] [INFO] Scheduled task: Full anatomy rescan (0 */6 * * *)
[2026-04-20T23:38:18.031Z] [INFO] Scheduled task: Consolidate old memory (0 2 * * *)
[2026-04-20T23:38:18.031Z] [INFO] Scheduled task: Token audit report (0 0 * * 1)
[2026-04-20T23:38:18.031Z] [INFO] Scheduled task: Cerebrum reflection (0 3 * * 0)
[2026-04-20T23:38:18.032Z] [INFO] Scheduled task: AI suggestions (0 4 * * 1)
[2026-04-20T23:38:18.032Z] [INFO] File watcher started on .wolf/
[2026-04-20T23:38:18.032Z] [INFO] OpenWolf daemon started
[2026-04-20T23:38:18.033Z] [INFO] Dashboard server listening on port 18791
[2026-04-20T23:38:18.139Z] [INFO] Scheduled task: Full anatomy rescan (0 */6 * * *)
[2026-04-20T23:38:18.140Z] [INFO] Scheduled task: Consolidate old memory (0 2 * * *)
[2026-04-20T23:38:18.141Z] [INFO] Scheduled task: Token audit report (0 0 * * 1)
[2026-04-20T23:38:18.141Z] [INFO] Scheduled task: Cerebrum reflection (0 3 * * 0)
[2026-04-20T23:38:18.141Z] [INFO] Scheduled task: AI suggestions (0 4 * * 1)
[2026-04-20T23:38:18.141Z] [INFO] File watcher started on .wolf/
[2026-04-20T23:38:18.142Z] [INFO] OpenWolf daemon started
[2026-04-20T23:38:18.142Z] [INFO] Dashboard server listening on port 18791
[2026-04-20T23:38:18.247Z] [INFO] Scheduled task: Full anatomy rescan (0 */6 * * *)
[2026-04-20T23:38:18.248Z] [INFO] Scheduled task: Consolidate old memory (0 2 * * *)
[2026-04-20T23:38:18.248Z] [INFO] Scheduled task: Token audit report (0 0 * * 1)
[2026-04-20T23:38:18.248Z] [INFO] Scheduled task: Cerebrum reflection (0 3 * * 0)
[2026-04-20T23:38:18.248Z] [INFO] Scheduled task: AI suggestions (0 4 * * 1)
[2026-04-20T23:38:18.249Z] [INFO] File watcher started on .wolf/
[2026-04-20T23:38:18.249Z] [INFO] OpenWolf daemon started
[2026-04-20T23:38:18.249Z] [INFO] Dashboard server listening on port 18791
[2026-04-20T23:38:18.355Z] [INFO] Scheduled task: Full anatomy rescan (0 */6 * * *)
[2026-04-20T23:38:18.356Z] [INFO] Scheduled task: Consolidate old memory (0 2 * * *)
[2026-04-20T23:38:18.356Z] [INFO] Scheduled task: Token audit report (0 0 * * 1)
[2026-04-20T23:38:18.356Z] [INFO] Scheduled task: Cerebrum reflection (0 3 * * 0)
[2026-04-20T23:38:18.356Z] [INFO] Scheduled task: AI suggestions (0 4 * * 1)
[2026-04-20T23:38:18.357Z] [INFO] File watcher started on .wolf/
[2026-04-20T23:38:18.357Z] [INFO] OpenWolf daemon started
[2026-04-20T23:38:18.357Z] [INFO] Dashboard server listening on port 18791
[2026-04-20T23:38:18.467Z] [INFO] Scheduled task: Full anatomy rescan (0 */6 * * *)
[2026-04-20T23:38:18.468Z] [INFO] Scheduled task: Consolidate old memory (0 2 * * *)
[2026-04-20T23:38:18.468Z] [INFO] Scheduled task: Token audit report (0 0 * * 1)
[2026-04-20T23:38:18.468Z] [INFO] Scheduled task: Cerebrum reflection (0 3 * * 0)
[2026-04-20T23:38:18.468Z] [INFO] Scheduled task: AI suggestions (0 4 * * 1)
[2026-04-20T23:38:18.469Z] [INFO] File watcher started on .wolf/
[2026-04-20T23:38:18.469Z] [INFO] OpenWolf daemon started
[2026-04-20T23:38:18.469Z] [INFO] Dashboard server listening on port 18791
[2026-04-20T23:38:18.576Z] [INFO] Scheduled task: Full anatomy rescan (0 */6 * * *)
[2026-04-20T23:38:18.577Z] [INFO] Scheduled task: Consolidate old memory (0 2 * * *)
[2026-04-20T23:38:18.577Z] [INFO] Scheduled task: Token audit report (0 0 * * 1)
[2026-04-20T23:38:18.577Z] [INFO] Scheduled task: Cerebrum reflection (0 3 * * 0)
[2026-04-20T23:38:18.577Z] [INFO] Scheduled task: AI suggestions (0 4 * * 1)
[2026-04-20T23:38:18.578Z] [INFO] File watcher started on .wolf/
[2026-04-20T23:38:18.578Z] [INFO] OpenWolf daemon started
[2026-04-20T23:38:18.578Z] [INFO] Dashboard server listening on port 18791
[2026-04-20T23:38:18.687Z] [INFO] Scheduled task: Full anatomy rescan (0 */6 * * *)
[2026-04-20T23:38:18.688Z] [INFO] Scheduled task: Consolidate old memory (0 2 * * *)
[2026-04-20T23:38:18.688Z] [INFO] Scheduled task: Token audit report (0 0 * * 1)
[2026-04-20T23:38:18.688Z] [INFO] Scheduled task: Cerebrum reflection (0 3 * * 0)
[2026-04-20T23:38:18.689Z] [INFO] Scheduled task: AI suggestions (0 4 * * 1)
[2026-04-20T23:38:18.689Z] [INFO] File watcher started on .wolf/
[2026-04-20T23:38:18.689Z] [INFO] OpenWolf daemon started
[2026-04-20T23:38:18.690Z] [INFO] Dashboard server listening on port 18791
[2026-04-20T23:38:18.794Z] [INFO] Scheduled task: Full anatomy rescan (0 */6 * * *)
[2026-04-20T23:38:18.795Z] [INFO] Scheduled task: Consolidate old memory (0 2 * * *)
[2026-04-20T23:38:18.795Z] [INFO] Scheduled task: Token audit report (0 0 * * 1)
[2026-04-20T23:38:18.795Z] [INFO] Scheduled task: Cerebrum reflection (0 3 * * 0)
[2026-04-20T23:38:18.796Z] [INFO] Scheduled task: AI suggestions (0 4 * * 1)
[2026-04-20T23:38:18.796Z] [INFO] File watcher started on .wolf/
[2026-04-20T23:38:18.796Z] [INFO] OpenWolf daemon started
[2026-04-20T23:38:18.796Z] [INFO] Dashboard server listening on port 18791
[2026-04-20T23:38:18.892Z] [INFO] Scheduled task: Full anatomy rescan (0 */6 * * *)
[2026-04-20T23:38:18.893Z] [INFO] Scheduled task: Consolidate old memory (0 2 * * *)
[2026-04-20T23:38:18.893Z] [INFO] Scheduled task: Token audit report (0 0 * * 1)
[2026-04-20T23:38:18.893Z] [INFO] Scheduled task: Cerebrum reflection (0 3 * * 0)
[2026-04-20T23:38:18.893Z] [INFO] Scheduled task: AI suggestions (0 4 * * 1)
[2026-04-20T23:38:18.894Z] [INFO] File watcher started on .wolf/
[2026-04-20T23:38:18.894Z] [INFO] OpenWolf daemon started
[2026-04-20T23:38:18.894Z] [INFO] Dashboard server listening on port 18791
[2026-04-20T23:38:18.992Z] [INFO] Scheduled task: Full anatomy rescan (0 */6 * * *)
[2026-04-20T23:38:18.993Z] [INFO] Scheduled task: Consolidate old memory (0 2 * * *)
[2026-04-20T23:38:18.993Z] [INFO] Scheduled task: Token audit report (0 0 * * 1)
[2026-04-20T23:38:18.993Z] [INFO] Scheduled task: Cerebrum reflection (0 3 * * 0)
[2026-04-20T23:38:18.993Z] [INFO] Scheduled task: AI suggestions (0 4 * * 1)
[2026-04-20T23:38:18.994Z] [INFO] File watcher started on .wolf/
[2026-04-20T23:38:18.994Z] [INFO] OpenWolf daemon started
[2026-04-20T23:38:18.994Z] [INFO] Dashboard server listening on port 18791
